--------------- Build Started: 04/05/2017 09:15:55 Project: Spectacle_Button_Input_Board, Configuration: ARM GCC 4.9-2015-q1-update Debug ---------------
cydsfit.exe -.appdatapath "C:\Users\mike.hord\AppData\Local\Cypress Semiconductor\PSoC Creator\4.0" -.fdsnotice -.fdswarpdepfile=warp_dependencies.txt -.fdselabdepfile=elab_dependencies.txt -.fdsbldfile=generated_files.txt -.fdsreffile=referenced_files.txt -p C:\Dropbox\Projects\Spectacle\Spectacle_Button_Input_Board\Firmware\Spectacle_Button_Input_Board\Spectacle_Button_Input_Board.cydsn\Spectacle_Button_Input_Board.cyprj -d CY8C4146LQI-S422 -s C:\Dropbox\Projects\Spectacle\Spectacle_Button_Input_Board\Firmware\Spectacle_Button_Input_Board\Spectacle_Button_Input_Board.cydsn\Generated_Source\PSoC4 -- -yv2 -q10 -ygs -o2 -v3 -.fftcfgtype=LE
Elaborating Design...
HDL Generation...
Synthesis...
Tech Mapping...
Analog Placement...
Analog Routing...
Analog Code Generation...
Digital Placement...
Digital Routing...
Info: pft.M0077: There is no timing information available for the selected device. Static timing checks will not be applied and digital routing will not be timing-driven. (App=cydsfit)
Bitstream Generation...
Bitstream Verification...
Static timing analysis...
API Generation...
Dependency Generation...
Cleanup...
arm-none-eabi-gcc.exe -mcpu=cortex-m0plus -mthumb -I. -IGenerated_Source\PSoC4 -Wa,-alh=.\CortexM0p\ARM_GCC_493\Debug/main.lst -g -D DEBUG -Wall -ffunction-sections -Og -ffat-lto-objects -c main.c -o .\CortexM0p\ARM_GCC_493\Debug\main.o
arm-none-eabi-gcc.exe -mcpu=cortex-m0plus -mthumb -I. -IGenerated_Source\PSoC4 -Wa,-alh=.\CortexM0p\ARM_GCC_493\Debug/programming.lst -g -D DEBUG -Wall -ffunction-sections -Og -ffat-lto-objects -c programming.c -o .\CortexM0p\ARM_GCC_493\Debug\programming.o
arm-none-eabi-gcc.exe -mcpu=cortex-m0plus -mthumb -I. -IGenerated_Source\PSoC4 -Wa,-alh=.\CortexM0p\ARM_GCC_493\Debug/cyfitter_cfg.lst -g -D DEBUG -Wall -ffunction-sections -Og -ffat-lto-objects -c Generated_Source\PSoC4\cyfitter_cfg.c -o .\CortexM0p\ARM_GCC_493\Debug\cyfitter_cfg.o
arm-none-eabi-gcc.exe -mcpu=cortex-m0plus -mthumb -I. -IGenerated_Source\PSoC4 -Wa,-alh=.\CortexM0p\ARM_GCC_493\Debug/UART_BOOT.lst -g -D DEBUG -Wall -ffunction-sections -Og -ffat-lto-objects -c Generated_Source\PSoC4\UART_BOOT.c -o .\CortexM0p\ARM_GCC_493\Debug\UART_BOOT.o
arm-none-eabi-gcc.exe -mcpu=cortex-m0plus -mthumb -I. -IGenerated_Source\PSoC4 -Wa,-alh=.\CortexM0p\ARM_GCC_493\Debug/UART_UART_BOOT.lst -g -D DEBUG -Wall -ffunction-sections -Og -ffat-lto-objects -c Generated_Source\PSoC4\UART_UART_BOOT.c -o .\CortexM0p\ARM_GCC_493\Debug\UART_UART_BOOT.o
arm-none-eabi-ar.exe -rs .\CortexM0p\ARM_GCC_493\Debug\Spectacle_Button_Input_Board.a .\CortexM0p\ARM_GCC_493\Debug\cyfitter_cfg.o .\CortexM0p\ARM_GCC_493\Debug\EZI2C.o .\CortexM0p\ARM_GCC_493\Debug\EZI2C_PM.o .\CortexM0p\ARM_GCC_493\Debug\EZI2C_BOOT.o .\CortexM0p\ARM_GCC_493\Debug\EZI2C_EZI2C.o .\CortexM0p\ARM_GCC_493\Debug\EZI2C_EZI2C_INT.o .\CortexM0p\ARM_GCC_493\Debug\EZI2C_EZI2C_BOOT.o .\CortexM0p\ARM_GCC_493\Debug\UART.o .\CortexM0p\ARM_GCC_493\Debug\UART_SPI_UART.o .\CortexM0p\ARM_GCC_493\Debug\UART_SPI_UART_INT.o .\CortexM0p\ARM_GCC_493\Debug\UART_PM.o .\CortexM0p\ARM_GCC_493\Debug\UART_UART.o .\CortexM0p\ARM_GCC_493\Debug\UART_BOOT.o .\CortexM0p\ARM_GCC_493\Debug\UART_UART_BOOT.o .\CortexM0p\ARM_GCC_493\Debug\EZI2C_SCBCLK.o .\CortexM0p\ARM_GCC_493\Debug\EZI2C_sda.o .\CortexM0p\ARM_GCC_493\Debug\EZI2C_sda_PM.o .\CortexM0p\ARM_GCC_493\Debug\EZI2C_scl.o .\CortexM0p\ARM_GCC_493\Debug\EZI2C_scl_PM.o .\CortexM0p\ARM_GCC_493\Debug\EZI2C_SCB_IRQ.o .\CortexM0p\ARM_GCC_493\Debug\UART_SCBCLK.o .\CortexM0p\ARM_GCC_493\Debug\UART_tx.o .\CortexM0p\ARM_GCC_493\Debug\UART_tx_PM.o .\CortexM0p\ARM_GCC_493\Debug\UART_rx.o .\CortexM0p\ARM_GCC_493\Debug\UART_rx_PM.o .\CortexM0p\ARM_GCC_493\Debug\CyFlash.o .\CortexM0p\ARM_GCC_493\Debug\CyLib.o .\CortexM0p\ARM_GCC_493\Debug\cyPm.o .\CortexM0p\ARM_GCC_493\Debug\cyutils.o .\CortexM0p\ARM_GCC_493\Debug\CyLFClk.o .\CortexM0p\ARM_GCC_493\Debug\LED.o .\CortexM0p\ARM_GCC_493\Debug\LED_PM.o .\CortexM0p\ARM_GCC_493\Debug\I2C_OUT_EN.o .\CortexM0p\ARM_GCC_493\Debug\I2C_OUT_EN_PM.o .\CortexM0p\ARM_GCC_493\Debug\B_0.o .\CortexM0p\ARM_GCC_493\Debug\B_0_PM.o .\CortexM0p\ARM_GCC_493\Debug\B_2.o .\CortexM0p\ARM_GCC_493\Debug\B_2_PM.o .\CortexM0p\ARM_GCC_493\Debug\B_1.o .\CortexM0p\ARM_GCC_493\Debug\B_1_PM.o .\CortexM0p\ARM_GCC_493\Debug\B_3.o .\CortexM0p\ARM_GCC_493\Debug\B_3_PM.o .\CortexM0p\ARM_GCC_493\Debug\B_4.o .\CortexM0p\ARM_GCC_493\Debug\B_4_PM.o .\CortexM0p\ARM_GCC_493\Debug\B_5.o .\CortexM0p\ARM_GCC_493\Debug\B_5_PM.o .\CortexM0p\ARM_GCC_493\Debug\B_6.o .\CortexM0p\ARM_GCC_493\Debug\B_6_PM.o .\CortexM0p\ARM_GCC_493\Debug\B_7.o .\CortexM0p\ARM_GCC_493\Debug\B_7_PM.o .\CortexM0p\ARM_GCC_493\Debug\B_8.o .\CortexM0p\ARM_GCC_493\Debug\B_8_PM.o .\CortexM0p\ARM_GCC_493\Debug\Pin_1.o .\CortexM0p\ARM_GCC_493\Debug\Pin_1_PM.o .\CortexM0p\ARM_GCC_493\Debug\CyBootAsmGnu.o
arm-none-eabi-ar.exe: creating .\CortexM0p\ARM_GCC_493\Debug\Spectacle_Button_Input_Board.a
arm-none-eabi-gcc.exe -Wl,--start-group -o .\CortexM0p\ARM_GCC_493\Debug\Spectacle_Button_Input_Board.elf .\CortexM0p\ARM_GCC_493\Debug\main.o .\CortexM0p\ARM_GCC_493\Debug\programming.o .\CortexM0p\ARM_GCC_493\Debug\cymetadata.o .\CortexM0p\ARM_GCC_493\Debug\Cm0plusStart.o .\CortexM0p\ARM_GCC_493\Debug\Spectacle_Button_Input_Board.a -mcpu=cortex-m0plus -mthumb -g -ffunction-sections -Og -ffat-lto-objects -l m -L Generated_Source\PSoC4 -Wl,-Map,.\CortexM0p\ARM_GCC_493\Debug/Spectacle_Button_Input_Board.map -T C:\Dropbox\Projects\Spectacle\Spectacle_Button_Input_Board\Firmware\Spectacle_Button_Input_Board\Spectacle_Button_Input_Board.cydsn\Generated_Source\PSoC4\cm0plusgcc.ld -specs=nano.specs -u _printf_float -Wl,--gc-sections -Wl,--end-group
cyelftool.exe -C C:\Dropbox\Projects\Spectacle\Spectacle_Button_Input_Board\Firmware\Spectacle_Button_Input_Board\Spectacle_Button_Input_Board.cydsn\CortexM0p\ARM_GCC_493\Debug\Spectacle_Button_Input_Board.elf --flash_row_size 128 --flash_size 65536
cyelftool.exe -S C:\Dropbox\Projects\Spectacle\Spectacle_Button_Input_Board\Firmware\Spectacle_Button_Input_Board\Spectacle_Button_Input_Board.cydsn\CortexM0p\ARM_GCC_493\Debug\Spectacle_Button_Input_Board.elf
Flash used: 20780 of 65536 bytes (31.7 %).
SRAM used: 6628 of 8192 bytes (80.9 %). Stack: 3072 bytes. Heap: 2816 bytes.
--------------- Build Succeeded: 04/05/2017 09:16:01 ---------------
