--------------- Build Started: 11/29/2016 14:25:01 Project: Spectacle_Button_Input_Board, Configuration: ARM GCC 4.9-2015-q1-update Debug ---------------
cydsfit.exe -.appdatapath "C:\Users\mike.hord\AppData\Local\Cypress Semiconductor\PSoC Creator\4.0" -.fdsnotice -.fdswarpdepfile=warp_dependencies.txt -.fdselabdepfile=elab_dependencies.txt -.fdsbldfile=generated_files.txt -.fdsreffile=referenced_files.txt -p C:\Dropbox\Projects\Spectacle\Spectacle_Button_Input_Board\Firmware\Spectacle_Button_Input_Board\Spectacle_Button_Input_Board.cydsn\Spectacle_Button_Input_Board.cyprj -d CY8C4146LQI-S432 -s C:\Dropbox\Projects\Spectacle\Spectacle_Button_Input_Board\Firmware\Spectacle_Button_Input_Board\Spectacle_Button_Input_Board.cydsn\Generated_Source\PSoC4 -- -yv2 -q10 -ygs -o2 -v3 -.fftcfgtype=LE
Elaborating Design...
ADD: pft.M0074: information: A (re)build is required to use the analog device editor. Unable to load the necessary information from the cyfit file. Partial/wrong data will be displayed until this has been resolved.
 * C:\Dropbox\Projects\Spectacle\Spectacle_Button_Input_Board\Firmware\Spectacle_Button_Input_Board\Spectacle_Button_Input_Board.cydsn\Spectacle_Button_Input_Board.cydwr ()
HDL Generation...
Synthesis...
Tech Mapping...
Analog Placement...
Analog Routing...
Analog Code Generation...
Digital Placement...
Digital Routing...
Info: pft.M0077: There is no timing information available for the selected device. Static timing checks will not be applied and digital routing will not be timing-driven. (App=cydsfit)
Bitstream Generation...
Bitstream Verification...
Static timing analysis...
API Generation...
DEL: pft.M0074: information: A (re)build is required to use the analog device editor. Unable to load the necessary information from the cyfit file. Partial/wrong data will be displayed until this has been resolved.
 * C:\Dropbox\Projects\Spectacle\Spectacle_Button_Input_Board\Firmware\Spectacle_Button_Input_Board\Spectacle_Button_Input_Board.cydsn\Spectacle_Button_Input_Board.cydwr ()
Dependency Generation...
Cleanup...
--------------- Build Succeeded: 11/29/2016 14:25:05 ---------------
